<?xml version="1.0" encoding="utf-8"?><testsuites name="pytest tests"><testsuite name="pytest" errors="0" failures="0" skipped="0" tests="15" time="18.113" timestamp="2026-06-06T21:38:18.119473+00:00" hostname="agent-env-25488b8f-bcf6-40fc-89f7-7bc8a112c268"><testcase classname="backend.tests.backend_test" name="test_health" time="0.229" /><testcase classname="backend.tests.backend_test" name="test_signup_login_me_logout" time="0.944" /><testcase classname="backend.tests.backend_test" name="test_demo_login_invalid" time="0.857" /><testcase classname="backend.tests.backend_test" name="test_modules_default_and_crud" time="0.424" /><testcase classname="backend.tests.backend_test" name="test_company_update" time="0.139" /><testcase classname="backend.tests.backend_test" name="test_crud_with_persistence[crm-payload0-stage-client]" time="0.773" /><testcase classname="backend.tests.backend_test" name="test_crud_with_persistence[projects-payload1-status-em_andamento]" time="0.655" /><testcase classname="backend.tests.backend_test" name="test_crud_with_persistence[agenda-payload2-title-Reuni\xe3o X]" time="0.720" /><testcase classname="backend.tests.backend_test" name="test_crud_with_persistence[finance-payload3-status-pago]" time="0.747" /><testcase classname="backend.tests.backend_test" name="test_dashboard_stats" time="0.104" /><testcase classname="backend.tests.backend_test" name="test_timeline_logged" time="0.716" /><testcase classname="backend.tests.backend_test" name="test_search" time="0.205" /><testcase classname="backend.tests.backend_test" name="test_multitenant_isolation" time="0.677" /><testcase classname="backend.tests.backend_test" name="test_unauth" time="0.097" /><testcase classname="backend.tests.backend_test" name="test_ai_chat_sync" time="10.643" /></testsuite></testsuites>